2015-08-27 15:25:53,207 - IDC_API - INFO - router.py - <module> - idc_api is started,port is [9000]
2015-08-27 15:27:25,217 - IDC_API - INFO - router.py - <module> - idc_api is started,port is [9000]
2015-08-27 15:27:50,815 - IDC_API - INFO - mysql.py - query - execute SQL[select distinct subject from entity_question_new where type is not null;]
2015-08-27 15:27:50,817 - IDC_API - ERROR - mysql.py - query - Error:(1146, "Table 'neworiental.entity_question_new' doesn't exist")
2015-08-27 15:27:50,817 - IDC_API - ERROR - business.py - q_subject_list - get subject error []
2015-08-27 16:24:50,070 - IDC_API - INFO - router.py - <module> - idc_api is started,port is [9000]
2015-08-27 16:25:31,490 - IDC_API - INFO - mysql.py - query - execute SQL[select distinct subject from entity_question_new where type is not null;]
2015-08-27 16:25:31,491 - IDC_API - INFO - mysql.py - query - execute SQL[select distinct type from entity_question_new where type is not null;]
2015-08-27 16:35:35,963 - IDC_API - INFO - router.py - <module> - idc_api is started,port is [9000]
2015-08-27 16:35:41,133 - IDC_API - INFO - mysql.py - query - execute SQL[select distinct subject from entity_question_new where type is not null;]
2015-08-27 16:35:41,135 - IDC_API - INFO - mysql.py - query - execute SQL[select distinct type from entity_question_new where type is not null;]
2015-08-27 16:37:41,490 - IDC_API - INFO - router.py - <module> - idc_api is started,port is [9000]
2015-08-27 16:37:43,661 - IDC_API - INFO - mysql.py - query - execute SQL[select distinct subject from entity_question_new where type is not null;]
2015-08-27 16:37:43,663 - IDC_API - INFO - mysql.py - query - execute SQL[select distinct type from entity_question_new where type is not null;]
2015-08-27 16:38:02,462 - IDC_API - INFO - router.py - <module> - idc_api is started,port is [9000]
2015-08-27 16:38:04,261 - IDC_API - INFO - mysql.py - query - execute SQL[select distinct subject from entity_question_new where type is not null;]
2015-08-27 16:38:04,262 - IDC_API - INFO - mysql.py - query - execute SQL[select distinct type from entity_question_new where type is not null;]
2015-08-27 16:39:37,900 - IDC_API - INFO - router.py - <module> - idc_api is started,port is [9000]
2015-08-27 16:39:40,835 - IDC_API - INFO - mysql.py - query - execute SQL[select distinct subject from entity_question_new where type is not null;]
2015-08-27 16:39:40,836 - IDC_API - INFO - mysql.py - query - execute SQL[select distinct type from entity_question_new where type is not null;]
2015-08-27 16:40:12,317 - IDC_API - INFO - router.py - <module> - idc_api is started,port is [9000]
2015-08-27 16:40:13,881 - IDC_API - INFO - mysql.py - query - execute SQL[select distinct subject from entity_question_new where type is not null;]
2015-08-27 16:40:13,883 - IDC_API - INFO - mysql.py - query - execute SQL[select distinct type from entity_question_new where type is not null;]
2015-08-27 16:41:23,105 - IDC_API - INFO - router.py - <module> - idc_api is started,port is [9000]
2015-08-27 16:41:39,841 - IDC_API - INFO - mysql.py - query - execute SQL[select distinct subject from entity_question_new where type is not null;]
2015-08-27 16:41:39,842 - IDC_API - INFO - mysql.py - query - execute SQL[select distinct type from entity_question_new where type is not null;]
2015-08-27 16:43:24,234 - IDC_API - INFO - router.py - <module> - idc_api is started,port is [9000]
2015-08-27 16:43:42,052 - IDC_API - INFO - mysql.py - query - execute SQL[select password from verify_user where username='新用户1';]
2015-08-27 16:43:42,052 - IDC_API - ERROR - mysql.py - query - Error:(1146, "Table 'neworiental.verify_user' doesn't exist")
2015-08-27 16:43:42,052 - IDC_API - ERROR - business.py - check_user - check user error []
2015-08-27 16:45:40,329 - IDC_API - INFO - mysql.py - query - execute SQL[select password from verify_user where username='新用户1';]
2015-08-27 16:45:47,075 - IDC_API - INFO - mysql.py - query - execute SQL[select password from verify_user where username='新用户1';]
2015-08-27 16:46:03,297 - IDC_API - INFO - mysql.py - query - execute SQL[insert into verify_user (username,password) values ('新用户001','3f276961b646409c5770f2c8066e9cc3');]
2015-08-27 16:46:03,314 - IDC_API - INFO - mysql.py - query - execute SQL[select distinct subject from entity_question_new where type is not null;]
2015-08-27 16:46:03,315 - IDC_API - INFO - mysql.py - query - execute SQL[select distinct type from entity_question_new where type is not null;]
2015-08-27 16:48:41,248 - IDC_API - INFO - router.py - <module> - idc_api is started,port is [9000]
2015-08-27 16:48:45,075 - IDC_API - INFO - mysql.py - query - execute SQL[select distinct subject from entity_question_new where type is not null;]
2015-08-27 16:48:45,076 - IDC_API - INFO - mysql.py - query - execute SQL[select distinct type from entity_question_new where type is not null;]
2015-08-27 16:50:09,419 - IDC_API - ERROR - mysql.py - connect_test - Error:(2003, "Can't connect to MySQL server on '10.60.0.151' (110)")
2015-08-27 16:51:58,900 - IDC_API - INFO - router.py - <module> - idc_api is started,port is [9000]
2015-08-27 16:52:02,296 - IDC_API - INFO - mysql.py - query - execute SQL[select distinct subject from entity_question_new where type is not null;]
2015-08-27 16:52:02,297 - IDC_API - INFO - mysql.py - query - execute SQL[select distinct type from entity_question_new where type is not null;]
2015-08-27 16:52:10,794 - IDC_API - INFO - mysql.py - query - execute SQL[select id,question_body,question_options,question_answer,question_analysis,question_type,difficulty from entity_question_old where id = 577;]
2015-08-27 16:52:10,794 - IDC_API - ERROR - mysql.py - query - Error:(1146, "Table 'neworiental.entity_question_old' doesn't exist")
2015-08-27 16:54:23,532 - IDC_API - INFO - mysql.py - query - execute SQL[select id,question_body,question_options,question_answer,question_analysis,question_type,difficulty from entity_question_old where id = 576;]
2015-08-27 16:54:23,534 - IDC_API - INFO - mysql.py - query - execute SQL[select id,json,subject from entity_question_new where oldid = 576;]
2015-08-27 16:59:51,043 - IDC_API - INFO - mysql.py - query - execute SQL[select distinct subject from entity_question_new where type is not null;]
2015-08-27 16:59:51,044 - IDC_API - INFO - mysql.py - query - execute SQL[select distinct type from entity_question_new where type is not null;]
2015-08-27 16:59:52,324 - IDC_API - INFO - mysql.py - query - execute SQL[select distinct subject from entity_question_new where type is not null;]
2015-08-27 16:59:52,325 - IDC_API - INFO - mysql.py - query - execute SQL[select distinct type from entity_question_new where type is not null;]
2015-08-27 17:06:08,981 - IDC_API - INFO - router.py - <module> - idc_api is started,port is [9007]
2015-08-27 17:06:08,983 - IDC_API - INFO - router.py - <module> - idc_api is started,port is [9005]
2015-08-27 17:06:08,990 - IDC_API - INFO - router.py - <module> - idc_api is started,port is [9002]
2015-08-27 17:06:08,994 - IDC_API - INFO - router.py - <module> - idc_api is started,port is [9003]
2015-08-27 17:06:08,995 - IDC_API - INFO - router.py - <module> - idc_api is started,port is [9001]
2015-08-27 17:06:08,999 - IDC_API - INFO - router.py - <module> - idc_api is started,port is [9006]
2015-08-27 17:06:09,004 - IDC_API - INFO - router.py - <module> - idc_api is started,port is [9004]
2015-08-27 17:07:37,703 - IDC_API - INFO - router.py - <module> - idc_api is started,port is [9007]
2015-08-27 17:07:37,710 - IDC_API - INFO - router.py - <module> - idc_api is started,port is [9006]
2015-08-27 17:07:37,820 - IDC_API - INFO - router.py - <module> - idc_api is started,port is [9005]
2015-08-27 17:07:37,942 - IDC_API - INFO - router.py - <module> - idc_api is started,port is [9004]
2015-08-27 17:07:38,065 - IDC_API - INFO - router.py - <module> - idc_api is started,port is [9003]
2015-08-27 17:07:38,185 - IDC_API - INFO - router.py - <module> - idc_api is started,port is [9002]
2015-08-27 17:07:38,306 - IDC_API - INFO - router.py - <module> - idc_api is started,port is [9001]
2015-08-27 17:07:38,428 - IDC_API - INFO - router.py - <module> - idc_api is started,port is [9000]
2015-08-27 17:09:21,838 - IDC_API - INFO - mysql.py - query - execute SQL[select distinct subject from entity_question_new where type is not null;]
2015-08-27 17:09:21,840 - IDC_API - INFO - mysql.py - query - execute SQL[select distinct type from entity_question_new where type is not null;]
2015-08-27 17:09:36,095 - IDC_API - INFO - mysql.py - query - execute SQL[select id,question_body,question_options,question_answer,question_analysis,question_type,difficulty from entity_question_old where id = 21111;]
2015-08-27 17:09:36,097 - IDC_API - INFO - mysql.py - query - execute SQL[select id,json,subject from entity_question_new where oldid = 21111;]
2015-08-27 17:10:55,359 - IDC_API - INFO - mysql.py - query - execute SQL[select distinct subject from entity_question_new where type is not null;]
2015-08-27 17:10:55,361 - IDC_API - INFO - mysql.py - query - execute SQL[select distinct type from entity_question_new where type is not null;]
2015-08-27 17:45:00,035 - IDC_API - INFO - mysql.py - query - execute SQL[select distinct subject from entity_question_new where type is not null;]
2015-08-27 17:45:00,037 - IDC_API - INFO - mysql.py - query - execute SQL[select distinct type from entity_question_new where type is not null;]
2015-08-27 17:49:18,994 - IDC_API - INFO - mysql.py - query - execute SQL[select distinct subject from entity_question_new where type is not null;]
2015-08-27 17:49:18,995 - IDC_API - INFO - mysql.py - query - execute SQL[select distinct type from entity_question_new where type is not null;]
2015-08-28 09:51:20,662 - IDC_API - INFO - mysql.py - query - execute SQL[select distinct subject from entity_question_new where type is not null;]
2015-08-28 09:51:20,664 - IDC_API - INFO - mysql.py - query - execute SQL[select distinct type from entity_question_new where type is not null;]
2015-08-28 09:51:42,030 - IDC_API - INFO - mysql.py - query - execute SQL[select distinct subject from entity_question_new where type is not null;]
2015-08-28 09:51:42,031 - IDC_API - INFO - mysql.py - query - execute SQL[select distinct type from entity_question_new where type is not null;]
2015-08-28 10:53:32,884 - IDC_API - INFO - mysql.py - query - execute SQL[select distinct subject from entity_question_new where type is not null;]
2015-08-28 10:53:32,904 - IDC_API - INFO - mysql.py - query - execute SQL[select distinct type from entity_question_new where type is not null;]
2015-08-28 11:12:27,450 - IDC_API - INFO - router.py - <module> - idc_api is started,port is [9007]
2015-08-28 11:12:27,453 - IDC_API - INFO - router.py - <module> - idc_api is started,port is [9006]
2015-08-28 11:12:27,609 - IDC_API - INFO - router.py - <module> - idc_api is started,port is [9005]
2015-08-28 11:12:27,730 - IDC_API - INFO - router.py - <module> - idc_api is started,port is [9004]
2015-08-28 11:12:27,891 - IDC_API - INFO - router.py - <module> - idc_api is started,port is [9003]
2015-08-28 11:12:28,024 - IDC_API - INFO - router.py - <module> - idc_api is started,port is [9002]
2015-08-28 11:12:28,139 - IDC_API - INFO - router.py - <module> - idc_api is started,port is [9001]
2015-08-28 11:12:28,280 - IDC_API - INFO - router.py - <module> - idc_api is started,port is [9000]
2015-08-28 11:12:34,434 - IDC_API - INFO - mysql.py - query - execute SQL[select distinct subject from entity_question_new where type is not null;]
2015-08-28 11:12:34,438 - IDC_API - INFO - mysql.py - query - execute SQL[select distinct type from entity_question_new where type is not null;]
2015-08-28 11:12:36,614 - IDC_API - INFO - mysql.py - query - execute SQL[select distinct subject from entity_question_new where type is not null;]
2015-08-28 11:12:36,615 - IDC_API - INFO - mysql.py - query - execute SQL[select distinct type from entity_question_new where type is not null;]
2015-08-28 11:12:37,271 - IDC_API - INFO - mysql.py - query - execute SQL[select distinct subject from entity_question_new where type is not null;]
2015-08-28 11:12:37,272 - IDC_API - INFO - mysql.py - query - execute SQL[select distinct type from entity_question_new where type is not null;]
2015-08-28 11:27:00,593 - IDC_API - INFO - router.py - <module> - idc_api is started,port is [9007]
2015-08-28 11:27:00,595 - IDC_API - INFO - router.py - <module> - idc_api is started,port is [9006]
2015-08-28 11:27:00,711 - IDC_API - INFO - router.py - <module> - idc_api is started,port is [9005]
2015-08-28 11:27:00,828 - IDC_API - INFO - router.py - <module> - idc_api is started,port is [9004]
2015-08-28 11:27:00,945 - IDC_API - INFO - router.py - <module> - idc_api is started,port is [9003]
2015-08-28 11:27:01,062 - IDC_API - INFO - router.py - <module> - idc_api is started,port is [9002]
2015-08-28 11:27:01,181 - IDC_API - INFO - router.py - <module> - idc_api is started,port is [9001]
2015-08-28 11:27:01,298 - IDC_API - INFO - router.py - <module> - idc_api is started,port is [9000]
2015-08-28 11:27:13,358 - IDC_API - INFO - mysql.py - query - execute SQL[select distinct subject from entity_question_new where type is not null;]
2015-08-28 11:27:13,359 - IDC_API - INFO - mysql.py - query - execute SQL[select distinct type from entity_question_new where type is not null;]
